Connecting to database specified by database.yml
Connecting to database specified by database.yml
Connecting to database specified by database.yml
  [1m[36m (1.0ms)[0m  [1mselect sqlite_version(*)[0m
  [1m[35m (14.0ms)[0m  CREATE TABLE "schema_migrations" ("version" varchar(255) NOT NULL) 
  [1m[36m (12.4ms)[0m  [1mCREATE UNIQUE INDEX "unique_schema_migrations" ON "schema_migrations" ("version")[0m
  [1m[35m (0.0ms)[0m  SELECT "schema_migrations"."version" FROM "schema_migrations" 
Connecting to database specified by database.yml
  [1m[36m (0.0ms)[0m  [1mSELECT "schema_migrations"."version" FROM "schema_migrations" [0m
Migrating to AddSessionsTable (20141201023356)
  [1m[35m (0.0ms)[0m  select sqlite_version(*)
  [1m[36m (0.0ms)[0m  [1mbegin transaction[0m
  [1m[35m (3.0ms)[0m  CREATE TABLE "authentify_sessions" ("id" INTEGER PRIMARY KEY AUTOINCREMENT NOT NULL, "session_id" varchar(255) NOT NULL, "data" text, "created_at" datetime NOT NULL, "updated_at" datetime NOT NULL) 
  [1m[36m (1.0ms)[0m  [1mCREATE INDEX "index_authentify_sessions_on_session_id" ON "authentify_sessions" ("session_id")[0m
  [1m[35m (0.0ms)[0m  CREATE INDEX "index_authentify_sessions_on_updated_at" ON "authentify_sessions" ("updated_at")
  [1m[36m (0.0ms)[0m  [1mINSERT INTO "schema_migrations" ("version") VALUES ('20141201023356')[0m
  [1m[35m (12.0ms)[0m  commit transaction
Migrating to CreateSysLogs (20141202002357)
  [1m[36m (0.0ms)[0m  [1mbegin transaction[0m
  [1m[35m (3.0ms)[0m  CREATE TABLE "authentify_sys_logs" ("id" INTEGER PRIMARY KEY AUTOINCREMENT NOT NULL, "log_date" datetime, "user_id" integer, "user_name" varchar(255), "user_ip" varchar(255), "action_logged" varchar(255)) 
  [1m[36m (1.0ms)[0m  [1mCREATE INDEX "index_authentify_sys_logs_on_user_id" ON "authentify_sys_logs" ("user_id")[0m
  [1m[35m (0.0ms)[0m  CREATE INDEX "index_authentify_sys_logs_on_user_name" ON "authentify_sys_logs" ("user_name")
  [1m[36m (0.0ms)[0m  [1mINSERT INTO "schema_migrations" ("version") VALUES ('20141202002357')[0m
  [1m[35m (14.8ms)[0m  commit transaction
Migrating to CreateUserLevels (20141202002358)
  [1m[36m (0.0ms)[0m  [1mbegin transaction[0m
  [1m[35m (2.0ms)[0m  CREATE TABLE "authentify_user_levels" ("id" INTEGER PRIMARY KEY AUTOINCREMENT NOT NULL, "user_id" integer, "sys_user_group_id" integer, "created_at" datetime NOT NULL, "updated_at" datetime NOT NULL, "brief_note" varchar(255)) 
  [1m[36m (1.0ms)[0m  [1mCREATE INDEX "index_authentify_user_levels_on_user_id" ON "authentify_user_levels" ("user_id")[0m
  [1m[35m (1.0ms)[0m  CREATE INDEX "index_authentify_user_levels_on_sys_user_group_id" ON "authentify_user_levels" ("sys_user_group_id")
  [1m[36m (0.0ms)[0m  [1mINSERT INTO "schema_migrations" ("version") VALUES ('20141202002358')[0m
  [1m[35m (11.0ms)[0m  commit transaction
Migrating to CreateUsers (20141202002359)
  [1m[36m (0.0ms)[0m  [1mbegin transaction[0m
  [1m[35m (3.0ms)[0m  CREATE TABLE "authentify_users" ("id" INTEGER PRIMARY KEY AUTOINCREMENT NOT NULL, "name" varchar(255), "email" varchar(255), "login" varchar(255), "encrypted_password" varchar(255), "salt" varchar(255), "status" varchar(255) DEFAULT 'active', "last_updated_by_id" integer, "auth_token" varchar(255), "password_reset_token" varchar(255), "password_reset_sent_at" datetime, "created_at" datetime NOT NULL, "updated_at" datetime NOT NULL, "brief_note" varchar(255), "cell" varchar(255), "allow_text_msg" boolean DEFAULT 'f', "allow_email" boolean DEFAULT 'f', "customer_id" integer, "local" varchar(255)) 
  [1m[36m (1.0ms)[0m  [1mCREATE INDEX "index_authentify_users_on_name" ON "authentify_users" ("name")[0m
  [1m[35m (1.0ms)[0m  CREATE INDEX "index_authentify_users_on_email" ON "authentify_users" ("email")
  [1m[36m (1.0ms)[0m  [1mCREATE INDEX "index_authentify_users_on_status" ON "authentify_users" ("status")[0m
  [1m[35m (1.0ms)[0m  CREATE INDEX "index_authentify_users_on_allow_text_msg" ON "authentify_users" ("allow_text_msg")
  [1m[36m (0.0ms)[0m  [1mCREATE INDEX "index_authentify_users_on_allow_email" ON "authentify_users" ("allow_email")[0m
  [1m[35m (0.0ms)[0m  CREATE INDEX "index_authentify_users_on_customer_id" ON "authentify_users" ("customer_id")
  [1m[36m (0.0ms)[0m  [1mINSERT INTO "schema_migrations" ("version") VALUES ('20141202002359')[0m
  [1m[35m (11.2ms)[0m  commit transaction
Migrating to CreateSysUserGroups (20141202002360)
  [1m[36m (0.0ms)[0m  [1mbegin transaction[0m
  [1m[35m (3.0ms)[0m  CREATE TABLE "authentify_sys_user_groups" ("id" INTEGER PRIMARY KEY AUTOINCREMENT NOT NULL, "user_group_name" varchar(255), "short_note" varchar(255), "zone_id" integer, "group_type_id" integer, "manager_group_id" integer, "created_at" datetime NOT NULL, "updated_at" datetime NOT NULL) 
  [1m[36m (0.0ms)[0m  [1mCREATE INDEX "index_authentify_sys_user_groups_on_zone_id" ON "authentify_sys_user_groups" ("zone_id")[0m
  [1m[35m (0.0ms)[0m  CREATE INDEX "index_authentify_sys_user_groups_on_group_type_id" ON "authentify_sys_user_groups" ("group_type_id")
  [1m[36m (1.0ms)[0m  [1mCREATE INDEX "index_authentify_sys_user_groups_on_manager_group_id" ON "authentify_sys_user_groups" ("manager_group_id")[0m
  [1m[35m (0.0ms)[0m  INSERT INTO "schema_migrations" ("version") VALUES ('20141202002360')
  [1m[36m (11.1ms)[0m  [1mcommit transaction[0m
Migrating to CreateSysModules (20141202002361)
  [1m[35m (0.0ms)[0m  begin transaction
  [1m[36m (3.0ms)[0m  [1mCREATE TABLE "authentify_sys_modules" ("id" INTEGER PRIMARY KEY AUTOINCREMENT NOT NULL, "module_name" varchar(255), "module_group_name" varchar(255), "created_at" datetime NOT NULL, "updated_at" datetime NOT NULL, "brief_note" varchar(255)) [0m
  [1m[35m (1.0ms)[0m  CREATE INDEX "index_authentify_sys_modules_on_module_group_name" ON "authentify_sys_modules" ("module_group_name")
  [1m[36m (1.0ms)[0m  [1mCREATE INDEX "index_authentify_sys_modules_on_module_name" ON "authentify_sys_modules" ("module_name")[0m
  [1m[35m (1.0ms)[0m  INSERT INTO "schema_migrations" ("version") VALUES ('20141202002361')
  [1m[36m (13.0ms)[0m  [1mcommit transaction[0m
Migrating to CreateSysModuleMappings (20141202002362)
  [1m[35m (0.0ms)[0m  begin transaction
  [1m[36m (2.0ms)[0m  [1mCREATE TABLE "authentify_sys_module_mappings" ("id" INTEGER PRIMARY KEY AUTOINCREMENT NOT NULL, "sys_module_id" integer, "sys_user_group_id" integer, "created_at" datetime NOT NULL, "updated_at" datetime NOT NULL, "brief_note" varchar(255)) [0m
  [1m[35m (1.0ms)[0m  CREATE INDEX "index_authentify_sys_module_mappings_on_sys_module_id" ON "authentify_sys_module_mappings" ("sys_module_id")
  [1m[36m (1.0ms)[0m  [1mCREATE INDEX "index_authentify_sys_module_mappings_on_sys_user_group_id" ON "authentify_sys_module_mappings" ("sys_user_group_id")[0m
  [1m[35m (0.0ms)[0m  INSERT INTO "schema_migrations" ("version") VALUES ('20141202002362')
  [1m[36m (13.0ms)[0m  [1mcommit transaction[0m
Migrating to CreateAuthentifyZones (20141202002363)
  [1m[35m (0.0ms)[0m  begin transaction
  [1m[36m (2.0ms)[0m  [1mCREATE TABLE "authentify_zones" ("id" INTEGER PRIMARY KEY AUTOINCREMENT NOT NULL, "zone_name" varchar(255), "brief_note" varchar(255), "active" boolean DEFAULT 't', "ranking_order" integer, "created_at" datetime NOT NULL, "updated_at" datetime NOT NULL) [0m
  [1m[35m (1.0ms)[0m  CREATE INDEX "index_authentify_zones_on_id_and_active" ON "authentify_zones" ("id", "active")
  [1m[36m (1.0ms)[0m  [1mINSERT INTO "schema_migrations" ("version") VALUES ('20141202002363')[0m
  [1m[35m (11.0ms)[0m  commit transaction
Migrating to CreateAuthentifyGroupTypes (20141202002364)
  [1m[36m (0.0ms)[0m  [1mbegin transaction[0m
  [1m[35m (4.0ms)[0m  CREATE TABLE "authentify_group_types" ("id" INTEGER PRIMARY KEY AUTOINCREMENT NOT NULL, "name" varchar(255), "created_at" datetime NOT NULL, "updated_at" datetime NOT NULL, "brief_note" varchar(255)) 
  [1m[36m (0.0ms)[0m  [1mINSERT INTO "schema_migrations" ("version") VALUES ('20141202002364')[0m
  [1m[35m (11.0ms)[0m  commit transaction
Migrating to CreateAuthentifyEngineConfigs (20141202002365)
  [1m[36m (1.0ms)[0m  [1mbegin transaction[0m
  [1m[35m (4.0ms)[0m  CREATE TABLE "authentify_engine_configs" ("id" INTEGER PRIMARY KEY AUTOINCREMENT NOT NULL, "engine_name" varchar(255), "engine_version" varchar(255), "argument_name" varchar(255), "argument_value" text, "last_updated_by_id" integer, "created_at" datetime NOT NULL, "updated_at" datetime NOT NULL, "brief_note" varchar(255), "global" boolean DEFAULT 'f') 
  [1m[36m (1.0ms)[0m  [1mCREATE INDEX "index_authentify_engine_configs_on_engine_name" ON "authentify_engine_configs" ("engine_name")[0m
  [1m[35m (1.0ms)[0m  CREATE INDEX "index_authentify_engine_configs_on_argument_name" ON "authentify_engine_configs" ("argument_name")
  [1m[36m (1.0ms)[0m  [1mCREATE INDEX "authentify_engine_configs_names" ON "authentify_engine_configs" ("engine_name", "argument_name")[0m
  [1m[35m (0.0ms)[0m  INSERT INTO "schema_migrations" ("version") VALUES ('20141202002365')
  [1m[36m (12.0ms)[0m  [1mcommit transaction[0m
Migrating to CreateAuthentifyUserAccesses (20141202002366)
  [1m[35m (0.0ms)[0m  begin transaction
  [1m[36m (3.0ms)[0m  [1mCREATE TABLE "authentify_user_accesses" ("id" INTEGER PRIMARY KEY AUTOINCREMENT NOT NULL, "action" varchar(255), "resource" varchar(255), "brief_note" varchar(255), "last_updated_by_id" integer, "role_definition_id" integer, "sql_code" text, "masked_attrs" text, "rank" integer, "created_at" datetime NOT NULL, "updated_at" datetime NOT NULL) [0m
  [1m[35m (0.0ms)[0m  CREATE INDEX "index_authentify_user_accesses_on_action" ON "authentify_user_accesses" ("action")
  [1m[36m (0.0ms)[0m  [1mCREATE INDEX "index_authentify_user_accesses_on_resource" ON "authentify_user_accesses" ("resource")[0m
  [1m[35m (1.0ms)[0m  CREATE INDEX "index_authentify_user_accesses_on_action_and_resource" ON "authentify_user_accesses" ("action", "resource")
  [1m[36m (1.0ms)[0m  [1mCREATE INDEX "index_authentify_user_accesses_on_role_definition_id" ON "authentify_user_accesses" ("role_definition_id")[0m
  [1m[35m (1.0ms)[0m  CREATE INDEX "index_authentify_user_accesses_on_rank" ON "authentify_user_accesses" ("rank")
  [1m[36m (0.0ms)[0m  [1mINSERT INTO "schema_migrations" ("version") VALUES ('20141202002366')[0m
  [1m[35m (13.0ms)[0m  commit transaction
Migrating to CreateAuthentifyUserRoles (20141202002367)
  [1m[36m (0.0ms)[0m  [1mbegin transaction[0m
  [1m[35m (3.0ms)[0m  CREATE TABLE "authentify_user_roles" ("id" INTEGER PRIMARY KEY AUTOINCREMENT NOT NULL, "last_updated_by_id" integer, "role_definition_id" integer, "user_id" integer, "created_at" datetime NOT NULL, "updated_at" datetime NOT NULL, "brief_note" varchar(255)) 
  [1m[36m (1.0ms)[0m  [1mCREATE INDEX "index_authentify_user_roles_on_user_id" ON "authentify_user_roles" ("user_id")[0m
  [1m[35m (1.0ms)[0m  CREATE INDEX "index_authentify_user_roles_on_role_definition_id" ON "authentify_user_roles" ("role_definition_id")
  [1m[36m (0.0ms)[0m  [1mINSERT INTO "schema_migrations" ("version") VALUES ('20141202002367')[0m
  [1m[35m (11.5ms)[0m  commit transaction
Migrating to CreateAuthentifyRoleDefinitions (20141202002368)
  [1m[36m (0.0ms)[0m  [1mbegin transaction[0m
  [1m[35m (3.0ms)[0m  CREATE TABLE "authentify_role_definitions" ("id" INTEGER PRIMARY KEY AUTOINCREMENT NOT NULL, "name" varchar(255), "brief_note" varchar(255), "last_updated_by_id" integer, "manager_role_id" integer, "created_at" datetime NOT NULL, "updated_at" datetime NOT NULL) 
  [1m[36m (1.0ms)[0m  [1mCREATE INDEX "index_authentify_role_definitions_on_manager_role_id" ON "authentify_role_definitions" ("manager_role_id")[0m
  [1m[35m (0.0ms)[0m  INSERT INTO "schema_migrations" ("version") VALUES ('20141202002368')
  [1m[36m (11.0ms)[0m  [1mcommit transaction[0m
  [1m[35m (0.0ms)[0m  SELECT "schema_migrations"."version" FROM "schema_migrations" 
Connecting to database specified by database.yml
  [1m[36m (0.0ms)[0m  [1mSELECT "schema_migrations"."version" FROM "schema_migrations" [0m
  [1m[35m (0.0ms)[0m  select sqlite_version(*)
  [1m[36m (5.9ms)[0m  [1mCREATE TABLE "authentify_engine_configs" ("id" INTEGER PRIMARY KEY AUTOINCREMENT NOT NULL, "engine_name" varchar(255), "engine_version" varchar(255), "argument_name" varchar(255), "argument_value" text, "last_updated_by_id" integer, "created_at" datetime NOT NULL, "updated_at" datetime NOT NULL, "brief_note" varchar(255), "global" boolean DEFAULT 'f') [0m
  [1m[35m (4.0ms)[0m  CREATE INDEX "index_authentify_engine_configs_on_argument_name" ON "authentify_engine_configs" ("argument_name")
  [1m[36m (4.7ms)[0m  [1mCREATE INDEX "authentify_engine_configs_names" ON "authentify_engine_configs" ("engine_name", "argument_name")[0m
  [1m[35m (5.0ms)[0m  CREATE INDEX "index_authentify_engine_configs_on_engine_name" ON "authentify_engine_configs" ("engine_name")
  [1m[36m (4.4ms)[0m  [1mCREATE TABLE "authentify_group_types" ("id" INTEGER PRIMARY KEY AUTOINCREMENT NOT NULL, "name" varchar(255), "created_at" datetime NOT NULL, "updated_at" datetime NOT NULL, "brief_note" varchar(255)) [0m
  [1m[35m (6.0ms)[0m  CREATE TABLE "authentify_role_definitions" ("id" INTEGER PRIMARY KEY AUTOINCREMENT NOT NULL, "name" varchar(255), "brief_note" varchar(255), "last_updated_by_id" integer, "manager_role_id" integer, "created_at" datetime NOT NULL, "updated_at" datetime NOT NULL) 
  [1m[36m (6.1ms)[0m  [1mCREATE INDEX "index_authentify_role_definitions_on_manager_role_id" ON "authentify_role_definitions" ("manager_role_id")[0m
  [1m[35m (4.9ms)[0m  CREATE TABLE "authentify_sessions" ("id" INTEGER PRIMARY KEY AUTOINCREMENT NOT NULL, "session_id" varchar(255) NOT NULL, "data" text, "created_at" datetime NOT NULL, "updated_at" datetime NOT NULL) 
  [1m[36m (5.7ms)[0m  [1mCREATE INDEX "index_authentify_sessions_on_session_id" ON "authentify_sessions" ("session_id")[0m
  [1m[35m (5.7ms)[0m  CREATE INDEX "index_authentify_sessions_on_updated_at" ON "authentify_sessions" ("updated_at")
  [1m[36m (6.0ms)[0m  [1mCREATE TABLE "authentify_sys_logs" ("id" INTEGER PRIMARY KEY AUTOINCREMENT NOT NULL, "log_date" datetime, "user_id" integer, "user_name" varchar(255), "user_ip" varchar(255), "action_logged" varchar(255)) [0m
  [1m[35m (5.0ms)[0m  CREATE INDEX "index_authentify_sys_logs_on_user_id" ON "authentify_sys_logs" ("user_id")
  [1m[36m (6.3ms)[0m  [1mCREATE INDEX "index_authentify_sys_logs_on_user_name" ON "authentify_sys_logs" ("user_name")[0m
  [1m[35m (5.7ms)[0m  CREATE TABLE "authentify_sys_module_mappings" ("id" INTEGER PRIMARY KEY AUTOINCREMENT NOT NULL, "sys_module_id" integer, "sys_user_group_id" integer, "created_at" datetime NOT NULL, "updated_at" datetime NOT NULL, "brief_note" varchar(255)) 
  [1m[36m (7.4ms)[0m  [1mCREATE INDEX "index_authentify_sys_module_mappings_on_sys_module_id" ON "authentify_sys_module_mappings" ("sys_module_id")[0m
  [1m[35m (5.7ms)[0m  CREATE INDEX "index_authentify_sys_module_mappings_on_sys_user_group_id" ON "authentify_sys_module_mappings" ("sys_user_group_id")
  [1m[36m (8.2ms)[0m  [1mCREATE TABLE "authentify_sys_modules" ("id" INTEGER PRIMARY KEY AUTOINCREMENT NOT NULL, "module_name" varchar(255), "module_group_name" varchar(255), "created_at" datetime NOT NULL, "updated_at" datetime NOT NULL, "brief_note" varchar(255)) [0m
  [1m[35m (5.3ms)[0m  CREATE INDEX "index_authentify_sys_modules_on_module_group_name" ON "authentify_sys_modules" ("module_group_name")
  [1m[36m (5.7ms)[0m  [1mCREATE INDEX "index_authentify_sys_modules_on_module_name" ON "authentify_sys_modules" ("module_name")[0m
  [1m[35m (7.6ms)[0m  CREATE TABLE "authentify_sys_user_groups" ("id" INTEGER PRIMARY KEY AUTOINCREMENT NOT NULL, "user_group_name" varchar(255), "short_note" varchar(255), "zone_id" integer, "group_type_id" integer, "manager_group_id" integer, "created_at" datetime NOT NULL, "updated_at" datetime NOT NULL) 
  [1m[36m (6.0ms)[0m  [1mCREATE INDEX "index_authentify_sys_user_groups_on_group_type_id" ON "authentify_sys_user_groups" ("group_type_id")[0m
  [1m[35m (5.9ms)[0m  CREATE INDEX "index_authentify_sys_user_groups_on_manager_group_id" ON "authentify_sys_user_groups" ("manager_group_id")
  [1m[36m (5.2ms)[0m  [1mCREATE INDEX "index_authentify_sys_user_groups_on_zone_id" ON "authentify_sys_user_groups" ("zone_id")[0m
  [1m[35m (7.0ms)[0m  CREATE TABLE "authentify_user_accesses" ("id" INTEGER PRIMARY KEY AUTOINCREMENT NOT NULL, "action" varchar(255), "resource" varchar(255), "brief_note" varchar(255), "last_updated_by_id" integer, "role_definition_id" integer, "sql_code" text, "masked_attrs" text, "rank" integer, "created_at" datetime NOT NULL, "updated_at" datetime NOT NULL) 
  [1m[36m (6.0ms)[0m  [1mCREATE INDEX "index_authentify_user_accesses_on_action_and_resource" ON "authentify_user_accesses" ("action", "resource")[0m
  [1m[35m (5.0ms)[0m  CREATE INDEX "index_authentify_user_accesses_on_action" ON "authentify_user_accesses" ("action")
  [1m[36m (6.6ms)[0m  [1mCREATE INDEX "index_authentify_user_accesses_on_rank" ON "authentify_user_accesses" ("rank")[0m
  [1m[35m (6.3ms)[0m  CREATE INDEX "index_authentify_user_accesses_on_resource" ON "authentify_user_accesses" ("resource")
  [1m[36m (5.7ms)[0m  [1mCREATE INDEX "index_authentify_user_accesses_on_role_definition_id" ON "authentify_user_accesses" ("role_definition_id")[0m
  [1m[35m (6.0ms)[0m  CREATE TABLE "authentify_user_levels" ("id" INTEGER PRIMARY KEY AUTOINCREMENT NOT NULL, "user_id" integer, "sys_user_group_id" integer, "created_at" datetime NOT NULL, "updated_at" datetime NOT NULL, "brief_note" varchar(255)) 
  [1m[36m (6.0ms)[0m  [1mCREATE INDEX "index_authentify_user_levels_on_sys_user_group_id" ON "authentify_user_levels" ("sys_user_group_id")[0m
  [1m[35m (6.3ms)[0m  CREATE INDEX "index_authentify_user_levels_on_user_id" ON "authentify_user_levels" ("user_id")
  [1m[36m (5.2ms)[0m  [1mCREATE TABLE "authentify_user_roles" ("id" INTEGER PRIMARY KEY AUTOINCREMENT NOT NULL, "last_updated_by_id" integer, "role_definition_id" integer, "user_id" integer, "created_at" datetime NOT NULL, "updated_at" datetime NOT NULL, "brief_note" varchar(255)) [0m
  [1m[35m (4.8ms)[0m  CREATE INDEX "index_authentify_user_roles_on_role_definition_id" ON "authentify_user_roles" ("role_definition_id")
  [1m[36m (6.0ms)[0m  [1mCREATE INDEX "index_authentify_user_roles_on_user_id" ON "authentify_user_roles" ("user_id")[0m
  [1m[35m (6.0ms)[0m  CREATE TABLE "authentify_users" ("id" INTEGER PRIMARY KEY AUTOINCREMENT NOT NULL, "name" varchar(255), "email" varchar(255), "login" varchar(255), "encrypted_password" varchar(255), "salt" varchar(255), "status" varchar(255) DEFAULT 'active', "last_updated_by_id" integer, "auth_token" varchar(255), "password_reset_token" varchar(255), "password_reset_sent_at" datetime, "created_at" datetime NOT NULL, "updated_at" datetime NOT NULL, "brief_note" varchar(255), "cell" varchar(255), "allow_text_msg" boolean DEFAULT 'f', "allow_email" boolean DEFAULT 'f', "customer_id" integer, "local" varchar(255)) 
  [1m[36m (5.0ms)[0m  [1mCREATE INDEX "index_authentify_users_on_allow_email" ON "authentify_users" ("allow_email")[0m
  [1m[35m (57.7ms)[0m  CREATE INDEX "index_authentify_users_on_allow_text_msg" ON "authentify_users" ("allow_text_msg")
  [1m[36m (13.2ms)[0m  [1mCREATE INDEX "index_authentify_users_on_customer_id" ON "authentify_users" ("customer_id")[0m
  [1m[35m (13.0ms)[0m  CREATE INDEX "index_authentify_users_on_email" ON "authentify_users" ("email")
  [1m[36m (13.6ms)[0m  [1mCREATE INDEX "index_authentify_users_on_name" ON "authentify_users" ("name")[0m
  [1m[35m (14.0ms)[0m  CREATE INDEX "index_authentify_users_on_status" ON "authentify_users" ("status")
  [1m[36m (15.0ms)[0m  [1mCREATE TABLE "authentify_zones" ("id" INTEGER PRIMARY KEY AUTOINCREMENT NOT NULL, "zone_name" varchar(255), "brief_note" varchar(255), "active" boolean DEFAULT 't', "ranking_order" integer, "created_at" datetime NOT NULL, "updated_at" datetime NOT NULL) [0m
  [1m[35m (15.0ms)[0m  CREATE INDEX "index_authentify_zones_on_id_and_active" ON "authentify_zones" ("id", "active")
  [1m[36m (13.7ms)[0m  [1mCREATE TABLE "schema_migrations" ("version" varchar(255) NOT NULL) [0m
  [1m[35m (13.7ms)[0m  CREATE UNIQUE INDEX "unique_schema_migrations" ON "schema_migrations" ("version")
  [1m[36m (0.0ms)[0m  [1mSELECT version FROM "schema_migrations"[0m
  [1m[35m (12.0ms)[0m  INSERT INTO "schema_migrations" (version) VALUES ('20141202002368')
  [1m[36m (12.9ms)[0m  [1mINSERT INTO "schema_migrations" (version) VALUES ('20141201023356')[0m
  [1m[35m (12.7ms)[0m  INSERT INTO "schema_migrations" (version) VALUES ('20141202002357')
  [1m[36m (13.0ms)[0m  [1mINSERT INTO "schema_migrations" (version) VALUES ('20141202002358')[0m
  [1m[35m (13.0ms)[0m  INSERT INTO "schema_migrations" (version) VALUES ('20141202002359')
  [1m[36m (12.9ms)[0m  [1mINSERT INTO "schema_migrations" (version) VALUES ('20141202002360')[0m
  [1m[35m (12.8ms)[0m  INSERT INTO "schema_migrations" (version) VALUES ('20141202002361')
  [1m[36m (13.1ms)[0m  [1mINSERT INTO "schema_migrations" (version) VALUES ('20141202002362')[0m
  [1m[35m (13.0ms)[0m  INSERT INTO "schema_migrations" (version) VALUES ('20141202002363')
  [1m[36m (12.3ms)[0m  [1mINSERT INTO "schema_migrations" (version) VALUES ('20141202002364')[0m
  [1m[35m (13.0ms)[0m  INSERT INTO "schema_migrations" (version) VALUES ('20141202002365')
  [1m[36m (13.1ms)[0m  [1mINSERT INTO "schema_migrations" (version) VALUES ('20141202002366')[0m
  [1m[35m (12.5ms)[0m  INSERT INTO "schema_migrations" (version) VALUES ('20141202002367')
